[2023-08-30T14:14:23.152+0100] {taskinstance.py:1159} INFO - Dependencies all met for dep_context=non-requeueable deps ti=<TaskInstance: schedule_news_extraction.data_ingest_service_container scheduled__2023-08-29T13:14:06.061905+00:00 [queued]>
[2023-08-30T14:14:23.173+0100] {taskinstance.py:1159} INFO - Dependencies all met for dep_context=requeueable deps ti=<TaskInstance: schedule_news_extraction.data_ingest_service_container scheduled__2023-08-29T13:14:06.061905+00:00 [queued]>
[2023-08-30T14:14:23.173+0100] {taskinstance.py:1361} INFO - Starting attempt 1 of 6
[2023-08-30T14:14:23.200+0100] {taskinstance.py:1382} INFO - Executing <Task(DockerOperator): data_ingest_service_container> on 2023-08-29 13:14:06.061905+00:00
[2023-08-30T14:14:23.210+0100] {standard_task_runner.py:57} INFO - Started process 106520 to run task
[2023-08-30T14:14:23.228+0100] {standard_task_runner.py:84} INFO - Running: ['airflow', 'tasks', 'run', 'schedule_news_extraction', 'data_ingest_service_container', 'scheduled__2023-08-29T13:14:06.061905+00:00', '--job-id', '9', '--raw', '--subdir', '/home/haboubi/Desktop/final/airflow_folder/dags/news_schedule.py', '--cfg-path', '/tmp/tmpzbxjgwc4']
[2023-08-30T14:14:23.232+0100] {standard_task_runner.py:85} INFO - Job 9: Subtask data_ingest_service_container
[2023-08-30T14:14:23.408+0100] {task_command.py:415} INFO - Running <TaskInstance: schedule_news_extraction.data_ingest_service_container scheduled__2023-08-29T13:14:06.061905+00:00 [running]> on host haboubi-VivoBook-15-ASUS-Laptop-X540UB
[2023-08-30T14:14:23.582+0100] {taskinstance.py:1660} INFO - Exporting env vars: AIRFLOW_CTX_DAG_OWNER='airflow' AIRFLOW_CTX_DAG_ID='schedule_news_extraction' AIRFLOW_CTX_TASK_ID='data_ingest_service_container' AIRFLOW_CTX_EXECUTION_DATE='2023-08-29T13:14:06.061905+00:00' AIRFLOW_CTX_TRY_NUMBER='1' AIRFLOW_CTX_DAG_RUN_ID='scheduled__2023-08-29T13:14:06.061905+00:00'
[2023-08-30T14:14:24.774+0100] {docker.py:333} INFO - Starting docker container from image final_dataingest:latest
[2023-08-30T14:14:24.817+0100] {docker.py:341} WARNING - Using remote engine or docker-in-docker and mounting temporary volume from host is not supported. Falling back to `mount_tmp_dir=False` mode. You can set `mount_tmp_dir` parameter to False to disable mounting and remove the warning
[2023-08-30T14:14:32.742+0100] {docker.py:402} INFO - /app
[2023-08-30T14:14:32.768+0100] {docker.py:402} INFO - wait for servers to establish
[2023-08-30T14:14:32.775+0100] {docker.py:402} INFO - 
[2023-08-30T14:15:12.836+0100] {docker.py:402} INFO - first waiting time:
[2023-08-30T14:15:12.838+0100] {docker.py:402} INFO - 
[2023-08-30T14:15:19.211+0100] {docker.py:402} INFO - data delivered successfully
[2023-08-30T14:15:19.298+0100] {docker.py:402} INFO - id    name            Datetime
0    1  google 2023-08-28 19:48:06
1    2   apple 2023-08-28 19:48:21
2    3    gold 2023-08-28 19:48:03
3    4  nasdaq 2023-08-28 19:48:03
4    5  amazon 2023-08-28 19:45:48
5    6     amd 2023-08-28 18:45:00
6    7   forex 2023-08-28 14:49:43
7    8  Stocks 2023-08-28 19:47:00
8    9  google 2023-08-28 19:48:06
9   10   apple 2023-08-28 19:48:21
10  11    gold 2023-08-28 19:48:03
11  12  nasdaq 2023-08-28 19:48:03
12  13  amazon 2023-08-28 19:45:48
13  14     amd 2023-08-28 18:45:00
14  15   forex 2023-08-28 14:49:43
15  16  Stocks 2023-08-28 19:47:00
[2023-08-30T14:15:20.834+0100] {docker.py:402} INFO - id my id id: 1
news produced successfully
[2023-08-30T14:15:28.807+0100] {docker.py:402} INFO - id my id id: 2
[2023-08-30T14:15:28.808+0100] {docker.py:402} INFO - news produced successfully
[2023-08-30T14:15:34.926+0100] {docker.py:402} INFO - id my id id: 3
[2023-08-30T14:15:34.926+0100] {docker.py:402} INFO - news produced successfully
[2023-08-30T14:15:40.816+0100] {docker.py:402} INFO - id my id id: 4
[2023-08-30T14:15:40.816+0100] {docker.py:402} INFO - news produced successfully
[2023-08-30T14:15:47.326+0100] {docker.py:402} INFO - id my id id: 5
news produced successfully
[2023-08-30T14:15:53.230+0100] {docker.py:402} INFO - id my id id: 6
[2023-08-30T14:15:53.234+0100] {docker.py:402} INFO - news produced successfully
[2023-08-30T14:15:59.058+0100] {docker.py:402} INFO - id my id id: 7
news produced successfully
[2023-08-30T14:16:05.542+0100] {docker.py:402} INFO - id my id id: 8
[2023-08-30T14:16:05.542+0100] {docker.py:402} INFO - news produced successfully
[2023-08-30T14:16:11.734+0100] {docker.py:402} INFO - id my id id:
[2023-08-30T14:16:11.735+0100] {docker.py:402} INFO - 9
[2023-08-30T14:16:11.736+0100] {docker.py:402} INFO - news produced successfully
[2023-08-30T14:16:18.049+0100] {docker.py:402} INFO - id my id id: 10
news produced successfully
[2023-08-30T14:16:23.714+0100] {docker.py:402} INFO - id my id id: 11
news produced successfully
[2023-08-30T14:16:29.416+0100] {docker.py:402} INFO - id my id id: 12
news produced successfully
[2023-08-30T14:16:35.705+0100] {docker.py:402} INFO - id my id id:
[2023-08-30T14:16:35.706+0100] {docker.py:402} INFO - 13
[2023-08-30T14:16:35.706+0100] {docker.py:402} INFO - news produced successfully
[2023-08-30T14:16:35.706+0100] {docker.py:402} INFO - 
[2023-08-30T14:16:41.313+0100] {docker.py:402} INFO - id my id id: 14
[2023-08-30T14:16:41.313+0100] {docker.py:402} INFO - news produced successfully
[2023-08-30T14:16:46.726+0100] {docker.py:402} INFO - id my id id: 15
news produced successfully
[2023-08-30T14:16:52.310+0100] {docker.py:402} INFO - id my id id: 16
news produced successfully
[2023-08-30T14:16:57.603+0100] {taskinstance.py:1400} INFO - Marking task as SUCCESS. dag_id=schedule_news_extraction, task_id=data_ingest_service_container, execution_date=20230829T131406, start_date=20230830T131423, end_date=20230830T131657
[2023-08-30T14:16:57.649+0100] {local_task_job_runner.py:228} INFO - Task exited with return code 0
[2023-08-30T14:16:57.673+0100] {taskinstance.py:2784} INFO - 0 downstream tasks scheduled from follow-on schedule check
