[2023-08-30T14:14:23.001+0100] {taskinstance.py:1159} INFO - Dependencies all met for dep_context=non-requeueable deps ti=<TaskInstance: schedule_news_extraction.data_process_service_container manual__2023-08-30T13:14:12.022626+00:00 [queued]>
[2023-08-30T14:14:23.041+0100] {taskinstance.py:1159} INFO - Dependencies all met for dep_context=requeueable deps ti=<TaskInstance: schedule_news_extraction.data_process_service_container manual__2023-08-30T13:14:12.022626+00:00 [queued]>
[2023-08-30T14:14:23.041+0100] {taskinstance.py:1361} INFO - Starting attempt 1 of 6
[2023-08-30T14:14:23.082+0100] {taskinstance.py:1382} INFO - Executing <Task(DockerOperator): data_process_service_container> on 2023-08-30 13:14:12.022626+00:00
[2023-08-30T14:14:23.093+0100] {standard_task_runner.py:57} INFO - Started process 106514 to run task
[2023-08-30T14:14:23.108+0100] {standard_task_runner.py:84} INFO - Running: ['airflow', 'tasks', 'run', 'schedule_news_extraction', 'data_process_service_container', 'manual__2023-08-30T13:14:12.022626+00:00', '--job-id', '7', '--raw', '--subdir', '/home/haboubi/Desktop/final/airflow_folder/dags/news_schedule.py', '--cfg-path', '/tmp/tmp46ig243p']
[2023-08-30T14:14:23.109+0100] {standard_task_runner.py:85} INFO - Job 7: Subtask data_process_service_container
[2023-08-30T14:14:23.251+0100] {task_command.py:415} INFO - Running <TaskInstance: schedule_news_extraction.data_process_service_container manual__2023-08-30T13:14:12.022626+00:00 [running]> on host haboubi-VivoBook-15-ASUS-Laptop-X540UB
[2023-08-30T14:14:23.518+0100] {taskinstance.py:1660} INFO - Exporting env vars: AIRFLOW_CTX_DAG_OWNER='airflow' AIRFLOW_CTX_DAG_ID='schedule_news_extraction' AIRFLOW_CTX_TASK_ID='data_process_service_container' AIRFLOW_CTX_EXECUTION_DATE='2023-08-30T13:14:12.022626+00:00' AIRFLOW_CTX_TRY_NUMBER='1' AIRFLOW_CTX_DAG_RUN_ID='manual__2023-08-30T13:14:12.022626+00:00'
[2023-08-30T14:14:24.788+0100] {docker.py:333} INFO - Starting docker container from image final_dataprocess:latest
[2023-08-30T14:14:24.815+0100] {docker.py:341} WARNING - Using remote engine or docker-in-docker and mounting temporary volume from host is not supported. Falling back to `mount_tmp_dir=False` mode. You can set `mount_tmp_dir` parameter to False to disable mounting and remove the warning
[2023-08-30T14:14:35.960+0100] {docker.py:402} INFO - Welcome to the processing service
[2023-08-30T14:15:26.079+0100] {docker.py:402} INFO - There might be a problem KafkaError{code=UNKNOWN_TOPIC_OR_PART,val=3,str="Subscribed topic not available: None: Broker: Unknown topic or partition"}
[2023-08-30T14:15:32.197+0100] {docker.py:402} INFO - data delivered successfully
topic:: auto_ingest_news
[2023-08-30T14:15:32.218+0100] {docker.py:402} INFO - key in process 1
[2023-08-30T14:15:38.054+0100] {docker.py:402} INFO - data delivered successfully
topic:: auto_ingest_news
[2023-08-30T14:15:38.077+0100] {docker.py:402} INFO - key in process 2
[2023-08-30T14:15:39.698+0100] {docker.py:402} INFO - data delivered successfully
topic:: auto_ingest_news
[2023-08-30T14:15:39.704+0100] {docker.py:402} INFO - key in process 3
[2023-08-30T14:15:40.969+0100] {docker.py:402} INFO - data delivered successfully
topic:: auto_ingest_news
[2023-08-30T14:15:40.974+0100] {docker.py:402} INFO - key in process 4
[2023-08-30T14:15:47.330+0100] {docker.py:402} INFO - data delivered successfully
topic:: auto_ingest_news
[2023-08-30T14:15:47.336+0100] {docker.py:402} INFO - key in process 5
[2023-08-30T14:15:53.234+0100] {docker.py:402} INFO - data delivered successfully
topic:: auto_ingest_news
[2023-08-30T14:15:53.242+0100] {docker.py:402} INFO - key in process 6
[2023-08-30T14:15:59.061+0100] {docker.py:402} INFO - data delivered successfully
topic:: auto_ingest_news
[2023-08-30T14:15:59.067+0100] {docker.py:402} INFO - key in process 7
[2023-08-30T14:16:05.546+0100] {docker.py:402} INFO - data delivered successfully
topic:: auto_ingest_news
[2023-08-30T14:16:05.552+0100] {docker.py:402} INFO - key in process 8
[2023-08-30T14:16:11.740+0100] {docker.py:402} INFO - data delivered successfully
topic:: auto_ingest_news
[2023-08-30T14:16:11.751+0100] {docker.py:402} INFO - key in process 9
[2023-08-30T14:16:18.053+0100] {docker.py:402} INFO - data delivered successfully
topic:: auto_ingest_news
[2023-08-30T14:16:18.059+0100] {docker.py:402} INFO - key in process 10
[2023-08-30T14:16:23.716+0100] {docker.py:402} INFO - data delivered successfully
topic:: auto_ingest_news
[2023-08-30T14:16:23.726+0100] {docker.py:402} INFO - key in process 11
[2023-08-30T14:16:29.419+0100] {docker.py:402} INFO - data delivered successfully
topic:: auto_ingest_news
[2023-08-30T14:16:29.426+0100] {docker.py:402} INFO - key in process 12
[2023-08-30T14:16:35.712+0100] {docker.py:402} INFO - data delivered successfully
topic:: auto_ingest_news
[2023-08-30T14:16:35.717+0100] {docker.py:402} INFO - key in process 13
[2023-08-30T14:16:41.316+0100] {docker.py:402} INFO - data delivered successfully
topic:: auto_ingest_news
[2023-08-30T14:16:41.325+0100] {docker.py:402} INFO - key in process 14
[2023-08-30T14:16:46.729+0100] {docker.py:402} INFO - data delivered successfully
topic:: auto_ingest_news
[2023-08-30T14:16:46.735+0100] {docker.py:402} INFO - key in process 15
[2023-08-30T14:16:52.313+0100] {docker.py:402} INFO - data delivered successfully
topic:: auto_ingest_news
[2023-08-30T14:16:52.320+0100] {docker.py:402} INFO - key in process 16
[2023-08-30T14:18:35.969+0100] {taskinstance.py:1400} INFO - Marking task as SUCCESS. dag_id=schedule_news_extraction, task_id=data_process_service_container, execution_date=20230830T131412, start_date=20230830T131423, end_date=20230830T131835
[2023-08-30T14:18:36.024+0100] {local_task_job_runner.py:228} INFO - Task exited with return code 0
[2023-08-30T14:18:36.046+0100] {taskinstance.py:2784} INFO - 0 downstream tasks scheduled from follow-on schedule check
